<?xml version="1.0" encoding="UTF-8"?>
<robot generator="Robot 4.1.3 (Python 3.10.2 on win32)" generated="20220225 17:59:28.835" rpa="false" schemaversion="2">
<suite id="s1" name="Signup" source="C:\Users\mayan\Ula\Test Case\Signup.robot">
<test id="s1-t1" name="signup-8">
<kw name="Go to Amazon registration page" library="PageObjectSignUp">
<kw name="Open Browser" library="Selenium2Library">
<arg>${URL}</arg>
<arg>chrome</arg>
<doc>Opens a new browser instance to the optional ``url``.</doc>
<msg timestamp="20220225 17:59:29.219" level="INFO">Opening browser 'chrome' to base url 'https://www.amazon.com/ap/register?showRememberMe=true&amp;openid.pape.max_auth_age=0&amp;openid.return_to=https%3A%2F%2Fwww.amazon.com%2FSign-up%2Fs%2F%3F_encoding%3DUTF8%26k%3DSign%2520up%26ref_%3Dnav_custrec_newcust&amp;prevRID=NBPPG1347F30XJTFJ1SD&amp;openid.identity=http%3A%2F%2Fspecs.openid.net%2Fauth%2F2.0%2Fidentifier_select&amp;openid.assoc_handle=usflex&amp;openid.mode=checkid_setup&amp;prepopulatedLoginId=&amp;failedSignInCount=0&amp;openid.claimed_id=http%3A%2F%2Fspecs.openid.net%2Fauth%2F2.0%2Fidentifier_select&amp;pageId=usflex&amp;openid.ns=http%3A%2F%2Fspecs.openid.net%2Fauth%2F2.0'.</msg>
<status status="PASS" starttime="20220225 17:59:29.219" endtime="20220225 17:59:33.420"/>
</kw>
<kw name="Set Selenium Implicit Wait" library="Selenium2Library">
<arg>5</arg>
<doc>Sets the implicit wait value used by Selenium.</doc>
<status status="PASS" starttime="20220225 17:59:33.421" endtime="20220225 17:59:33.426"/>
</kw>
<kw name="Maximize Browser Window" library="Selenium2Library">
<doc>Maximizes current browser window.</doc>
<status status="PASS" starttime="20220225 17:59:33.426" endtime="20220225 17:59:33.624"/>
</kw>
<status status="PASS" starttime="20220225 17:59:29.219" endtime="20220225 17:59:33.625"/>
</kw>
<kw name="Click link &quot;Sign-In&quot; beside text &quot;Already have an account?&quot;" library="PageObjectSignUp">
<kw name="Click Element" library="Selenium2Library">
<arg>${SigninLink}</arg>
<doc>Click the element identified by ``locator``.</doc>
<msg timestamp="20220225 17:59:33.627" level="INFO">Clicking element '//a[contains(text(), " Sign-In'.</msg>
<msg timestamp="20220225 17:59:34.650" level="INFO" html="true">&lt;/td&gt;&lt;/tr&gt;&lt;tr&gt;&lt;td colspan="3"&gt;&lt;a href="selenium-screenshot-5.png"&gt;&lt;img src="selenium-screenshot-5.png" width="800px"&gt;&lt;/a&gt;</msg>
<msg timestamp="20220225 17:59:34.767" level="FAIL">InvalidSelectorException: Message: invalid selector: Unable to locate an element with the xpath expression //a[contains(text(), " Sign-In because of the following error:
SyntaxError: Failed to execute 'evaluate' on 'Document': The string '//a[contains(text(), " Sign-In' is not a valid XPath expression.
  (Session info: chrome=98.0.4758.102)
Stacktrace:
Backtrace:
	Ordinal0 [0x00C469A3+2582947]
	Ordinal0 [0x00BDA6D1+2139857]
	Ordinal0 [0x00AD3A98+1063576]
	Ordinal0 [0x00AD62B7+1073847]
	Ordinal0 [0x00AD617E+1073534]
	Ordinal0 [0x00AD63F0+1074160]
	Ordinal0 [0x00AFFCB2+1244338]
	Ordinal0 [0x00B0013B+1245499]
	Ordinal0 [0x00B29F8C+1417100]
	Ordinal0 [0x00B18594+1344916]
	Ordinal0 [0x00B2834A+1409866]
	Ordinal0 [0x00B18366+1344358]
	Ordinal0 [0x00AF5176+1200502]
	Ordinal0 [0x00AF6066+1204326]
	GetHandleVerifier [0x00DEBE02+1675858]
	GetHandleVerifier [0x00EA036C+2414524]
	GetHandleVerifier [0x00CDBB01+560977]
	GetHandleVerifier [0x00CDA8D3+556323]
	Ordinal0 [0x00BE020E+2163214]
	Ordinal0 [0x00BE5078+2183288]
	Ordinal0 [0x00BE51C0+2183616]
	Ordinal0 [0x00BEEE1C+2223644]
	BaseThreadInitThunk [0x75C16739+25]
	RtlGetFullPathName_UEx [0x774C8E7F+1215]
	RtlGetFullPathName_UEx [0x774C8E4D+1165]
</msg>
<status status="FAIL" starttime="20220225 17:59:33.626" endtime="20220225 17:59:34.767"/>
</kw>
<status status="FAIL" starttime="20220225 17:59:33.625" endtime="20220225 17:59:34.769"/>
</kw>
<kw name="Verify page redirect to &quot;Amazon Sign-In&quot; page" library="PageObjectSignUp">
<status status="NOT RUN" starttime="20220225 17:59:34.770" endtime="20220225 17:59:34.770"/>
</kw>
<kw name="Close the Browser" library="PageObjectSignUp">
<status status="NOT RUN" starttime="20220225 17:59:34.770" endtime="20220225 17:59:34.770"/>
</kw>
<status status="FAIL" starttime="20220225 17:59:29.217" endtime="20220225 17:59:34.771">InvalidSelectorException: Message: invalid selector: Unable to locate an element with the xpath expression //a[contains(text(), " Sign-In because of the following error:
SyntaxError: Failed to execute 'evaluate' on 'Document': The string '//a[contains(text(), " Sign-In' is not a valid XPath expression.
  (Session info: chrome=98.0.4758.102)
Stacktrace:
Backtrace:
	Ordinal0 [0x00C469A3+2582947]
	Ordinal0 [0x00BDA6D1+2139857]
	Ordinal0 [0x00AD3A98+1063576]
	Ordinal0 [0x00AD62B7+1073847]
	Ordinal0 [0x00AD617E+1073534]
	Ordinal0 [0x00AD63F0+1074160]
	Ordinal0 [0x00AFFCB2+1244338]
	Ordinal0 [0x00B0013B+1245499]
	Ordinal0 [0x00B29F8C+1417100]
	Ordinal0 [0x00B18594+1344916]
	Ordinal0 [0x00B2834A+1409866]
	Ordinal0 [0x00B18366+1344358]
	Ordinal0 [0x00AF5176+1200502]
	Ordinal0 [0x00AF6066+1204326]
	GetHandleVerifier [0x00DEBE02+1675858]
	GetHandleVerifier [0x00EA036C+2414524]
	GetHandleVerifier [0x00CDBB01+560977]
	GetHandleVerifier [0x00CDA8D3+556323]
	Ordinal0 [0x00BE020E+2163214]
	Ordinal0 [0x00BE5078+2183288]
	Ordinal0 [0x00BE51C0+2183616]
	Ordinal0 [0x00BEEE1C+2223644]
	BaseThreadInitThunk [0x75C16739+25]
	RtlGetFullPathName_UEx [0x774C8E7F+1215]
	RtlGetFullPathName_UEx [0x774C8E4D+1165]
</status>
</test>
<status status="FAIL" starttime="20220225 17:59:28.837" endtime="20220225 17:59:34.780"/>
</suite>
<statistics>
<total>
<stat pass="0" fail="1" skip="0">All Tests</stat>
</total>
<tag>
</tag>
<suite>
<stat pass="0" fail="1" skip="0" id="s1" name="Signup">Signup</stat>
</suite>
</statistics>
<errors>
<msg timestamp="20220225 17:59:28.874" level="ERROR">Error in file 'C:\Users\mayan\Ula\Resource\PageObjectSignUp.robot' on line 16: Setting variable '")]' failed: Invalid variable name '")]'.</msg>
</errors>
</robot>
